<?xml version="1.0" encoding="UTF-8"?>
<testsuite xmlns:xsi="http://www.w3.org/2001/XMLSchema-instance" xsi:noNamespaceSchemaLocation="https://maven.apache.org/surefire/maven-surefire-plugin/xsd/surefire-test-report-3.0.xsd" version="3.0" name="com.sample_project.userApp.service.ServiceImplTest" time="0.1" tests="8" errors="0" skipped="0" failures="4">
  <properties>
    <property name="java.specification.version" value="21"/>
    <property name="sun.jnu.encoding" value="UTF-8"/>
    <property name="java.class.path" value="/Users/anuppal/Desktop/CODES/JAVA/Codes/Quora-Microservices-main/userApp/target/test-classes:/Users/anuppal/Desktop/CODES/JAVA/Codes/Quora-Microservices-main/userApp/target/classes:/Users/anuppal/.m2/repository/org/springframework/boot/spring-boot-starter-data-jpa/3.2.0-SNAPSHOT/spring-boot-starter-data-jpa-3.2.0-SNAPSHOT.jar:/Users/anuppal/.m2/repository/org/springframework/boot/spring-boot-starter-aop/3.2.0-SNAPSHOT/spring-boot-starter-aop-3.2.0-SNAPSHOT.jar:/Users/anuppal/.m2/repository/org/springframework/spring-aop/6.1.1/spring-aop-6.1.1.jar:/Users/anuppal/.m2/repository/org/aspectj/aspectjweaver/1.9.20.1/aspectjweaver-1.9.20.1.jar:/Users/anuppal/.m2/repository/org/springframework/boot/spring-boot-starter-jdbc/3.2.0-SNAPSHOT/spring-boot-starter-jdbc-3.2.0-SNAPSHOT.jar:/Users/anuppal/.m2/repository/com/zaxxer/HikariCP/5.0.1/HikariCP-5.0.1.jar:/Users/anuppal/.m2/repository/org/springframework/spring-jdbc/6.1.1/spring-jdbc-6.1.1.jar:/Users/anuppal/.m2/repository/org/hibernate/orm/hibernate-core/6.3.1.Final/hibernate-core-6.3.1.Final.jar:/Users/anuppal/.m2/repository/jakarta/persistence/jakarta.persistence-api/3.1.0/jakarta.persistence-api-3.1.0.jar:/Users/anuppal/.m2/repository/jakarta/transaction/jakarta.transaction-api/2.0.1/jakarta.transaction-api-2.0.1.jar:/Users/anuppal/.m2/repository/org/jboss/logging/jboss-logging/3.5.3.Final/jboss-logging-3.5.3.Final.jar:/Users/anuppal/.m2/repository/org/hibernate/common/hibernate-commons-annotations/6.0.6.Final/hibernate-commons-annotations-6.0.6.Final.jar:/Users/anuppal/.m2/repository/io/smallrye/jandex/3.1.2/jandex-3.1.2.jar:/Users/anuppal/.m2/repository/com/fasterxml/classmate/1.6.0/classmate-1.6.0.jar:/Users/anuppal/.m2/repository/net/bytebuddy/byte-buddy/1.14.10/byte-buddy-1.14.10.jar:/Users/anuppal/.m2/repository/org/glassfish/jaxb/jaxb-runtime/4.0.4/jaxb-runtime-4.0.4.jar:/Users/anuppal/.m2/repository/org/glassfish/jaxb/jaxb-core/4.0.4/jaxb-core-4.0.4.jar:/Users/anuppal/.m2/repository/org/eclipse/angus/angus-activation/2.0.1/angus-activation-2.0.1.jar:/Users/anuppal/.m2/repository/org/glassfish/jaxb/txw2/4.0.4/txw2-4.0.4.jar:/Users/anuppal/.m2/repository/com/sun/istack/istack-commons-runtime/4.1.2/istack-commons-runtime-4.1.2.jar:/Users/anuppal/.m2/repository/jakarta/inject/jakarta.inject-api/2.0.1/jakarta.inject-api-2.0.1.jar:/Users/anuppal/.m2/repository/org/antlr/antlr4-runtime/4.10.1/antlr4-runtime-4.10.1.jar:/Users/anuppal/.m2/repository/org/springframework/data/spring-data-jpa/3.2.0/spring-data-jpa-3.2.0.jar:/Users/anuppal/.m2/repository/org/springframework/data/spring-data-commons/3.2.0/spring-data-commons-3.2.0.jar:/Users/anuppal/.m2/repository/org/springframework/spring-orm/6.1.1/spring-orm-6.1.1.jar:/Users/anuppal/.m2/repository/org/springframework/spring-context/6.1.1/spring-context-6.1.1.jar:/Users/anuppal/.m2/repository/org/springframework/spring-tx/6.1.1/spring-tx-6.1.1.jar:/Users/anuppal/.m2/repository/org/springframework/spring-beans/6.1.1/spring-beans-6.1.1.jar:/Users/anuppal/.m2/repository/jakarta/annotation/jakarta.annotation-api/2.1.1/jakarta.annotation-api-2.1.1.jar:/Users/anuppal/.m2/repository/org/slf4j/slf4j-api/2.0.9/slf4j-api-2.0.9.jar:/Users/anuppal/.m2/repository/org/springframework/spring-aspects/6.1.1/spring-aspects-6.1.1.jar:/Users/anuppal/.m2/repository/org/springframework/boot/spring-boot-starter-web/3.2.0-SNAPSHOT/spring-boot-starter-web-3.2.0-SNAPSHOT.jar:/Users/anuppal/.m2/repository/org/springframework/boot/spring-boot-starter/3.2.0-SNAPSHOT/spring-boot-starter-3.2.0-SNAPSHOT.jar:/Users/anuppal/.m2/repository/org/springframework/boot/spring-boot/3.2.0-SNAPSHOT/spring-boot-3.2.0-SNAPSHOT.jar:/Users/anuppal/.m2/repository/org/springframework/boot/spring-boot-autoconfigure/3.2.0-SNAPSHOT/spring-boot-autoconfigure-3.2.0-SNAPSHOT.jar:/Users/anuppal/.m2/repository/org/springframework/boot/spring-boot-starter-logging/3.2.0-SNAPSHOT/spring-boot-starter-logging-3.2.0-SNAPSHOT.jar:/Users/anuppal/.m2/repository/ch/qos/logback/logback-classic/1.4.11/logback-classic-1.4.11.jar:/Users/anuppal/.m2/repository/ch/qos/logback/logback-core/1.4.11/logback-core-1.4.11.jar:/Users/anuppal/.m2/repository/org/apache/logging/log4j/log4j-to-slf4j/2.21.1/log4j-to-slf4j-2.21.1.jar:/Users/anuppal/.m2/repository/org/apache/logging/log4j/log4j-api/2.21.1/log4j-api-2.21.1.jar:/Users/anuppal/.m2/repository/org/slf4j/jul-to-slf4j/2.0.9/jul-to-slf4j-2.0.9.jar:/Users/anuppal/.m2/repository/org/yaml/snakeyaml/2.2/snakeyaml-2.2.jar:/Users/anuppal/.m2/repository/org/springframework/boot/spring-boot-starter-json/3.2.0-SNAPSHOT/spring-boot-starter-json-3.2.0-SNAPSHOT.jar:/Users/anuppal/.m2/repository/com/fasterxml/jackson/core/jackson-databind/2.15.3/jackson-databind-2.15.3.jar:/Users/anuppal/.m2/repository/com/fasterxml/jackson/datatype/jackson-datatype-jdk8/2.15.3/jackson-datatype-jdk8-2.15.3.jar:/Users/anuppal/.m2/repository/com/fasterxml/jackson/datatype/jackson-datatype-jsr310/2.15.3/jackson-datatype-jsr310-2.15.3.jar:/Users/anuppal/.m2/repository/com/fasterxml/jackson/module/jackson-module-parameter-names/2.15.3/jackson-module-parameter-names-2.15.3.jar:/Users/anuppal/.m2/repository/org/springframework/boot/spring-boot-starter-tomcat/3.2.0-SNAPSHOT/spring-boot-starter-tomcat-3.2.0-SNAPSHOT.jar:/Users/anuppal/.m2/repository/org/apache/tomcat/embed/tomcat-embed-core/10.1.16/tomcat-embed-core-10.1.16.jar:/Users/anuppal/.m2/repository/org/apache/tomcat/embed/tomcat-embed-websocket/10.1.16/tomcat-embed-websocket-10.1.16.jar:/Users/anuppal/.m2/repository/org/springframework/spring-web/6.1.1/spring-web-6.1.1.jar:/Users/anuppal/.m2/repository/io/micrometer/micrometer-observation/1.12.0/micrometer-observation-1.12.0.jar:/Users/anuppal/.m2/repository/io/micrometer/micrometer-commons/1.12.0/micrometer-commons-1.12.0.jar:/Users/anuppal/.m2/repository/org/springframework/spring-webmvc/6.1.1/spring-webmvc-6.1.1.jar:/Users/anuppal/.m2/repository/org/springframework/spring-expression/6.1.1/spring-expression-6.1.1.jar:/Users/anuppal/.m2/repository/org/springframework/boot/spring-boot-starter-validation/3.2.0-SNAPSHOT/spring-boot-starter-validation-3.2.0-SNAPSHOT.jar:/Users/anuppal/.m2/repository/org/apache/tomcat/embed/tomcat-embed-el/10.1.16/tomcat-embed-el-10.1.16.jar:/Users/anuppal/.m2/repository/org/hibernate/validator/hibernate-validator/8.0.1.Final/hibernate-validator-8.0.1.Final.jar:/Users/anuppal/.m2/repository/jakarta/validation/jakarta.validation-api/3.0.2/jakarta.validation-api-3.0.2.jar:/Users/anuppal/.m2/repository/com/mysql/mysql-connector-j/8.1.0/mysql-connector-j-8.1.0.jar:/Users/anuppal/.m2/repository/org/projectlombok/lombok/1.18.30/lombok-1.18.30.jar:/Users/anuppal/.m2/repository/org/springframework/boot/spring-boot-starter-test/3.2.0-SNAPSHOT/spring-boot-starter-test-3.2.0-SNAPSHOT.jar:/Users/anuppal/.m2/repository/org/springframework/boot/spring-boot-test/3.2.0-SNAPSHOT/spring-boot-test-3.2.0-SNAPSHOT.jar:/Users/anuppal/.m2/repository/org/springframework/boot/spring-boot-test-autoconfigure/3.2.0-SNAPSHOT/spring-boot-test-autoconfigure-3.2.0-SNAPSHOT.jar:/Users/anuppal/.m2/repository/com/jayway/jsonpath/json-path/2.8.0/json-path-2.8.0.jar:/Users/anuppal/.m2/repository/jakarta/xml/bind/jakarta.xml.bind-api/4.0.1/jakarta.xml.bind-api-4.0.1.jar:/Users/anuppal/.m2/repository/jakarta/activation/jakarta.activation-api/2.1.2/jakarta.activation-api-2.1.2.jar:/Users/anuppal/.m2/repository/net/minidev/json-smart/2.5.0/json-smart-2.5.0.jar:/Users/anuppal/.m2/repository/net/minidev/accessors-smart/2.5.0/accessors-smart-2.5.0.jar:/Users/anuppal/.m2/repository/org/ow2/asm/asm/9.3/asm-9.3.jar:/Users/anuppal/.m2/repository/org/assertj/assertj-core/3.24.2/assertj-core-3.24.2.jar:/Users/anuppal/.m2/repository/org/awaitility/awaitility/4.2.0/awaitility-4.2.0.jar:/Users/anuppal/.m2/repository/org/hamcrest/hamcrest/2.2/hamcrest-2.2.jar:/Users/anuppal/.m2/repository/org/junit/jupiter/junit-jupiter/5.10.1/junit-jupiter-5.10.1.jar:/Users/anuppal/.m2/repository/org/junit/jupiter/junit-jupiter-api/5.10.1/junit-jupiter-api-5.10.1.jar:/Users/anuppal/.m2/repository/org/opentest4j/opentest4j/1.3.0/opentest4j-1.3.0.jar:/Users/anuppal/.m2/repository/org/junit/platform/junit-platform-commons/1.10.1/junit-platform-commons-1.10.1.jar:/Users/anuppal/.m2/repository/org/apiguardian/apiguardian-api/1.1.2/apiguardian-api-1.1.2.jar:/Users/anuppal/.m2/repository/org/junit/jupiter/junit-jupiter-params/5.10.1/junit-jupiter-params-5.10.1.jar:/Users/anuppal/.m2/repository/org/junit/jupiter/junit-jupiter-engine/5.10.1/junit-jupiter-engine-5.10.1.jar:/Users/anuppal/.m2/repository/org/junit/platform/junit-platform-engine/1.10.1/junit-platform-engine-1.10.1.jar:/Users/anuppal/.m2/repository/org/mockito/mockito-core/5.7.0/mockito-core-5.7.0.jar:/Users/anuppal/.m2/repository/net/bytebuddy/byte-buddy-agent/1.14.10/byte-buddy-agent-1.14.10.jar:/Users/anuppal/.m2/repository/org/objenesis/objenesis/3.3/objenesis-3.3.jar:/Users/anuppal/.m2/repository/org/mockito/mockito-junit-jupiter/5.7.0/mockito-junit-jupiter-5.7.0.jar:/Users/anuppal/.m2/repository/org/skyscreamer/jsonassert/1.5.1/jsonassert-1.5.1.jar:/Users/anuppal/.m2/repository/com/vaadin/external/google/android-json/0.0.20131108.vaadin1/android-json-0.0.20131108.vaadin1.jar:/Users/anuppal/.m2/repository/org/springframework/spring-core/6.1.1/spring-core-6.1.1.jar:/Users/anuppal/.m2/repository/org/springframework/spring-jcl/6.1.1/spring-jcl-6.1.1.jar:/Users/anuppal/.m2/repository/org/springframework/spring-test/6.1.1/spring-test-6.1.1.jar:/Users/anuppal/.m2/repository/org/xmlunit/xmlunit-core/2.9.1/xmlunit-core-2.9.1.jar:/Users/anuppal/.m2/repository/org/springframework/cloud/spring-cloud-starter-netflix-eureka-client/4.1.0-SNAPSHOT/spring-cloud-starter-netflix-eureka-client-4.1.0-SNAPSHOT.jar:/Users/anuppal/.m2/repository/org/springframework/cloud/spring-cloud-starter/4.1.0-SNAPSHOT/spring-cloud-starter-4.1.0-SNAPSHOT.jar:/Users/anuppal/.m2/repository/org/springframework/cloud/spring-cloud-context/4.1.0-SNAPSHOT/spring-cloud-context-4.1.0-SNAPSHOT.jar:/Users/anuppal/.m2/repository/org/springframework/security/spring-security-crypto/6.2.0/spring-security-crypto-6.2.0.jar:/Users/anuppal/.m2/repository/org/springframework/cloud/spring-cloud-commons/4.1.0-SNAPSHOT/spring-cloud-commons-4.1.0-SNAPSHOT.jar:/Users/anuppal/.m2/repository/org/springframework/security/spring-security-rsa/1.1.1/spring-security-rsa-1.1.1.jar:/Users/anuppal/.m2/repository/org/bouncycastle/bcprov-jdk18on/1.74/bcprov-jdk18on-1.74.jar:/Users/anuppal/.m2/repository/org/springframework/cloud/spring-cloud-netflix-eureka-client/4.1.0-SNAPSHOT/spring-cloud-netflix-eureka-client-4.1.0-SNAPSHOT.jar:/Users/anuppal/.m2/repository/org/apache/httpcomponents/client5/httpclient5/5.2.1/httpclient5-5.2.1.jar:/Users/anuppal/.m2/repository/org/apache/httpcomponents/core5/httpcore5/5.2.3/httpcore5-5.2.3.jar:/Users/anuppal/.m2/repository/org/apache/httpcomponents/core5/httpcore5-h2/5.2.3/httpcore5-h2-5.2.3.jar:/Users/anuppal/.m2/repository/com/netflix/eureka/eureka-client/2.0.1/eureka-client-2.0.1.jar:/Users/anuppal/.m2/repository/com/netflix/netflix-commons/netflix-eventbus/0.3.0/netflix-eventbus-0.3.0.jar:/Users/anuppal/.m2/repository/com/netflix/netflix-commons/netflix-infix/0.3.0/netflix-infix-0.3.0.jar:/Users/anuppal/.m2/repository/commons-jxpath/commons-jxpath/1.3/commons-jxpath-1.3.jar:/Users/anuppal/.m2/repository/joda-time/joda-time/2.3/joda-time-2.3.jar:/Users/anuppal/.m2/repository/org/antlr/antlr-runtime/3.4/antlr-runtime-3.4.jar:/Users/anuppal/.m2/repository/org/antlr/stringtemplate/3.2.1/stringtemplate-3.2.1.jar:/Users/anuppal/.m2/repository/antlr/antlr/2.7.7/antlr-2.7.7.jar:/Users/anuppal/.m2/repository/com/google/code/gson/gson/2.10.1/gson-2.10.1.jar:/Users/anuppal/.m2/repository/org/apache/commons/commons-math/2.2/commons-math-2.2.jar:/Users/anuppal/.m2/repository/com/thoughtworks/xstream/xstream/1.4.19/xstream-1.4.19.jar:/Users/anuppal/.m2/repository/io/github/x-stream/mxparser/1.2.2/mxparser-1.2.2.jar:/Users/anuppal/.m2/repository/xmlpull/xmlpull/1.1.3.1/xmlpull-1.1.3.1.jar:/Users/anuppal/.m2/repository/jakarta/ws/rs/jakarta.ws.rs-api/3.1.0/jakarta.ws.rs-api-3.1.0.jar:/Users/anuppal/.m2/repository/com/netflix/servo/servo-core/0.12.21/servo-core-0.12.21.jar:/Users/anuppal/.m2/repository/com/google/guava/guava/19.0/guava-19.0.jar:/Users/anuppal/.m2/repository/org/apache/httpcomponents/httpclient/4.5.3/httpclient-4.5.3.jar:/Users/anuppal/.m2/repository/org/apache/httpcomponents/httpcore/4.4.16/httpcore-4.4.16.jar:/Users/anuppal/.m2/repository/commons-codec/commons-codec/1.16.0/commons-codec-1.16.0.jar:/Users/anuppal/.m2/repository/commons-configuration/commons-configuration/1.10/commons-configuration-1.10.jar:/Users/anuppal/.m2/repository/commons-lang/commons-lang/2.6/commons-lang-2.6.jar:/Users/anuppal/.m2/repository/com/fasterxml/jackson/core/jackson-annotations/2.15.3/jackson-annotations-2.15.3.jar:/Users/anuppal/.m2/repository/com/fasterxml/jackson/core/jackson-core/2.15.3/jackson-core-2.15.3.jar:/Users/anuppal/.m2/repository/org/codehaus/jettison/jettison/1.4.0/jettison-1.4.0.jar:/Users/anuppal/.m2/repository/com/netflix/eureka/eureka-core/2.0.1/eureka-core-2.0.1.jar:/Users/anuppal/.m2/repository/com/fasterxml/woodstox/woodstox-core/6.2.1/woodstox-core-6.2.1.jar:/Users/anuppal/.m2/repository/org/codehaus/woodstox/stax2-api/4.2.1/stax2-api-4.2.1.jar:/Users/anuppal/.m2/repository/org/springframework/cloud/spring-cloud-starter-loadbalancer/4.1.0-SNAPSHOT/spring-cloud-starter-loadbalancer-4.1.0-SNAPSHOT.jar:/Users/anuppal/.m2/repository/org/springframework/cloud/spring-cloud-loadbalancer/4.1.0-SNAPSHOT/spring-cloud-loadbalancer-4.1.0-SNAPSHOT.jar:/Users/anuppal/.m2/repository/io/projectreactor/reactor-core/3.6.0/reactor-core-3.6.0.jar:/Users/anuppal/.m2/repository/org/reactivestreams/reactive-streams/1.0.4/reactive-streams-1.0.4.jar:/Users/anuppal/.m2/repository/io/projectreactor/addons/reactor-extra/3.5.1/reactor-extra-3.5.1.jar:/Users/anuppal/.m2/repository/org/springframework/boot/spring-boot-starter-cache/3.2.0-SNAPSHOT/spring-boot-starter-cache-3.2.0-SNAPSHOT.jar:/Users/anuppal/.m2/repository/org/springframework/spring-context-support/6.1.1/spring-context-support-6.1.1.jar:/Users/anuppal/.m2/repository/com/stoyanr/evictor/1.0.0/evictor-1.0.0.jar:/Users/anuppal/.m2/repository/org/springdoc/springdoc-openapi-ui/1.6.4/springdoc-openapi-ui-1.6.4.jar:/Users/anuppal/.m2/repository/org/springdoc/springdoc-openapi-webmvc-core/1.6.4/springdoc-openapi-webmvc-core-1.6.4.jar:/Users/anuppal/.m2/repository/org/springdoc/springdoc-openapi-common/1.6.4/springdoc-openapi-common-1.6.4.jar:/Users/anuppal/.m2/repository/io/swagger/core/v3/swagger-core/2.1.12/swagger-core-2.1.12.jar:/Users/anuppal/.m2/repository/org/apache/commons/commons-lang3/3.13.0/commons-lang3-3.13.0.jar:/Users/anuppal/.m2/repository/com/fasterxml/jackson/dataformat/jackson-dataformat-yaml/2.15.3/jackson-dataformat-yaml-2.15.3.jar:/Users/anuppal/.m2/repository/io/swagger/core/v3/swagger-annotations/2.1.12/swagger-annotations-2.1.12.jar:/Users/anuppal/.m2/repository/io/swagger/core/v3/swagger-models/2.1.12/swagger-models-2.1.12.jar:/Users/anuppal/.m2/repository/org/webjars/swagger-ui/4.1.3/swagger-ui-4.1.3.jar:/Users/anuppal/.m2/repository/org/webjars/webjars-locator-core/0.55/webjars-locator-core-0.55.jar:/Users/anuppal/.m2/repository/io/github/classgraph/classgraph/4.8.138/classgraph-4.8.138.jar:"/>
    <property name="java.vm.vendor" value="Homebrew"/>
    <property name="sun.arch.data.model" value="64"/>
    <property name="java.vendor.url" value="https://github.com/Homebrew/homebrew-core/issues"/>
    <property name="user.timezone" value="Asia/Kolkata"/>
    <property name="org.jboss.logging.provider" value="slf4j"/>
    <property name="os.name" value="Mac OS X"/>
    <property name="java.vm.specification.version" value="21"/>
    <property name="sun.java.launcher" value="SUN_STANDARD"/>
    <property name="user.country" value="IN"/>
    <property name="sun.boot.library.path" value="/opt/homebrew/Cellar/openjdk/21.0.1/libexec/openjdk.jdk/Contents/Home/lib"/>
    <property name="sun.java.command" value="/Users/anuppal/Desktop/CODES/JAVA/Codes/Quora-Microservices-main/userApp/target/surefire/surefirebooter-20231225110904047_3.jar /Users/anuppal/Desktop/CODES/JAVA/Codes/Quora-Microservices-main/userApp/target/surefire 2023-12-25T11-09-04_011-jvmRun1 surefire-20231225110904047_1tmp surefire_0-20231225110904047_2tmp"/>
    <property name="http.nonProxyHosts" value="local|*.local|169.254/16|*.169.254/16"/>
    <property name="jdk.debug" value="release"/>
    <property name="surefire.test.class.path" value="/Users/anuppal/Desktop/CODES/JAVA/Codes/Quora-Microservices-main/userApp/target/test-classes:/Users/anuppal/Desktop/CODES/JAVA/Codes/Quora-Microservices-main/userApp/target/classes:/Users/anuppal/.m2/repository/org/springframework/boot/spring-boot-starter-data-jpa/3.2.0-SNAPSHOT/spring-boot-starter-data-jpa-3.2.0-SNAPSHOT.jar:/Users/anuppal/.m2/repository/org/springframework/boot/spring-boot-starter-aop/3.2.0-SNAPSHOT/spring-boot-starter-aop-3.2.0-SNAPSHOT.jar:/Users/anuppal/.m2/repository/org/springframework/spring-aop/6.1.1/spring-aop-6.1.1.jar:/Users/anuppal/.m2/repository/org/aspectj/aspectjweaver/1.9.20.1/aspectjweaver-1.9.20.1.jar:/Users/anuppal/.m2/repository/org/springframework/boot/spring-boot-starter-jdbc/3.2.0-SNAPSHOT/spring-boot-starter-jdbc-3.2.0-SNAPSHOT.jar:/Users/anuppal/.m2/repository/com/zaxxer/HikariCP/5.0.1/HikariCP-5.0.1.jar:/Users/anuppal/.m2/repository/org/springframework/spring-jdbc/6.1.1/spring-jdbc-6.1.1.jar:/Users/anuppal/.m2/repository/org/hibernate/orm/hibernate-core/6.3.1.Final/hibernate-core-6.3.1.Final.jar:/Users/anuppal/.m2/repository/jakarta/persistence/jakarta.persistence-api/3.1.0/jakarta.persistence-api-3.1.0.jar:/Users/anuppal/.m2/repository/jakarta/transaction/jakarta.transaction-api/2.0.1/jakarta.transaction-api-2.0.1.jar:/Users/anuppal/.m2/repository/org/jboss/logging/jboss-logging/3.5.3.Final/jboss-logging-3.5.3.Final.jar:/Users/anuppal/.m2/repository/org/hibernate/common/hibernate-commons-annotations/6.0.6.Final/hibernate-commons-annotations-6.0.6.Final.jar:/Users/anuppal/.m2/repository/io/smallrye/jandex/3.1.2/jandex-3.1.2.jar:/Users/anuppal/.m2/repository/com/fasterxml/classmate/1.6.0/classmate-1.6.0.jar:/Users/anuppal/.m2/repository/net/bytebuddy/byte-buddy/1.14.10/byte-buddy-1.14.10.jar:/Users/anuppal/.m2/repository/org/glassfish/jaxb/jaxb-runtime/4.0.4/jaxb-runtime-4.0.4.jar:/Users/anuppal/.m2/repository/org/glassfish/jaxb/jaxb-core/4.0.4/jaxb-core-4.0.4.jar:/Users/anuppal/.m2/repository/org/eclipse/angus/angus-activation/2.0.1/angus-activation-2.0.1.jar:/Users/anuppal/.m2/repository/org/glassfish/jaxb/txw2/4.0.4/txw2-4.0.4.jar:/Users/anuppal/.m2/repository/com/sun/istack/istack-commons-runtime/4.1.2/istack-commons-runtime-4.1.2.jar:/Users/anuppal/.m2/repository/jakarta/inject/jakarta.inject-api/2.0.1/jakarta.inject-api-2.0.1.jar:/Users/anuppal/.m2/repository/org/antlr/antlr4-runtime/4.10.1/antlr4-runtime-4.10.1.jar:/Users/anuppal/.m2/repository/org/springframework/data/spring-data-jpa/3.2.0/spring-data-jpa-3.2.0.jar:/Users/anuppal/.m2/repository/org/springframework/data/spring-data-commons/3.2.0/spring-data-commons-3.2.0.jar:/Users/anuppal/.m2/repository/org/springframework/spring-orm/6.1.1/spring-orm-6.1.1.jar:/Users/anuppal/.m2/repository/org/springframework/spring-context/6.1.1/spring-context-6.1.1.jar:/Users/anuppal/.m2/repository/org/springframework/spring-tx/6.1.1/spring-tx-6.1.1.jar:/Users/anuppal/.m2/repository/org/springframework/spring-beans/6.1.1/spring-beans-6.1.1.jar:/Users/anuppal/.m2/repository/jakarta/annotation/jakarta.annotation-api/2.1.1/jakarta.annotation-api-2.1.1.jar:/Users/anuppal/.m2/repository/org/slf4j/slf4j-api/2.0.9/slf4j-api-2.0.9.jar:/Users/anuppal/.m2/repository/org/springframework/spring-aspects/6.1.1/spring-aspects-6.1.1.jar:/Users/anuppal/.m2/repository/org/springframework/boot/spring-boot-starter-web/3.2.0-SNAPSHOT/spring-boot-starter-web-3.2.0-SNAPSHOT.jar:/Users/anuppal/.m2/repository/org/springframework/boot/spring-boot-starter/3.2.0-SNAPSHOT/spring-boot-starter-3.2.0-SNAPSHOT.jar:/Users/anuppal/.m2/repository/org/springframework/boot/spring-boot/3.2.0-SNAPSHOT/spring-boot-3.2.0-SNAPSHOT.jar:/Users/anuppal/.m2/repository/org/springframework/boot/spring-boot-autoconfigure/3.2.0-SNAPSHOT/spring-boot-autoconfigure-3.2.0-SNAPSHOT.jar:/Users/anuppal/.m2/repository/org/springframework/boot/spring-boot-starter-logging/3.2.0-SNAPSHOT/spring-boot-starter-logging-3.2.0-SNAPSHOT.jar:/Users/anuppal/.m2/repository/ch/qos/logback/logback-classic/1.4.11/logback-classic-1.4.11.jar:/Users/anuppal/.m2/repository/ch/qos/logback/logback-core/1.4.11/logback-core-1.4.11.jar:/Users/anuppal/.m2/repository/org/apache/logging/log4j/log4j-to-slf4j/2.21.1/log4j-to-slf4j-2.21.1.jar:/Users/anuppal/.m2/repository/org/apache/logging/log4j/log4j-api/2.21.1/log4j-api-2.21.1.jar:/Users/anuppal/.m2/repository/org/slf4j/jul-to-slf4j/2.0.9/jul-to-slf4j-2.0.9.jar:/Users/anuppal/.m2/repository/org/yaml/snakeyaml/2.2/snakeyaml-2.2.jar:/Users/anuppal/.m2/repository/org/springframework/boot/spring-boot-starter-json/3.2.0-SNAPSHOT/spring-boot-starter-json-3.2.0-SNAPSHOT.jar:/Users/anuppal/.m2/repository/com/fasterxml/jackson/core/jackson-databind/2.15.3/jackson-databind-2.15.3.jar:/Users/anuppal/.m2/repository/com/fasterxml/jackson/datatype/jackson-datatype-jdk8/2.15.3/jackson-datatype-jdk8-2.15.3.jar:/Users/anuppal/.m2/repository/com/fasterxml/jackson/datatype/jackson-datatype-jsr310/2.15.3/jackson-datatype-jsr310-2.15.3.jar:/Users/anuppal/.m2/repository/com/fasterxml/jackson/module/jackson-module-parameter-names/2.15.3/jackson-module-parameter-names-2.15.3.jar:/Users/anuppal/.m2/repository/org/springframework/boot/spring-boot-starter-tomcat/3.2.0-SNAPSHOT/spring-boot-starter-tomcat-3.2.0-SNAPSHOT.jar:/Users/anuppal/.m2/repository/org/apache/tomcat/embed/tomcat-embed-core/10.1.16/tomcat-embed-core-10.1.16.jar:/Users/anuppal/.m2/repository/org/apache/tomcat/embed/tomcat-embed-websocket/10.1.16/tomcat-embed-websocket-10.1.16.jar:/Users/anuppal/.m2/repository/org/springframework/spring-web/6.1.1/spring-web-6.1.1.jar:/Users/anuppal/.m2/repository/io/micrometer/micrometer-observation/1.12.0/micrometer-observation-1.12.0.jar:/Users/anuppal/.m2/repository/io/micrometer/micrometer-commons/1.12.0/micrometer-commons-1.12.0.jar:/Users/anuppal/.m2/repository/org/springframework/spring-webmvc/6.1.1/spring-webmvc-6.1.1.jar:/Users/anuppal/.m2/repository/org/springframework/spring-expression/6.1.1/spring-expression-6.1.1.jar:/Users/anuppal/.m2/repository/org/springframework/boot/spring-boot-starter-validation/3.2.0-SNAPSHOT/spring-boot-starter-validation-3.2.0-SNAPSHOT.jar:/Users/anuppal/.m2/repository/org/apache/tomcat/embed/tomcat-embed-el/10.1.16/tomcat-embed-el-10.1.16.jar:/Users/anuppal/.m2/repository/org/hibernate/validator/hibernate-validator/8.0.1.Final/hibernate-validator-8.0.1.Final.jar:/Users/anuppal/.m2/repository/jakarta/validation/jakarta.validation-api/3.0.2/jakarta.validation-api-3.0.2.jar:/Users/anuppal/.m2/repository/com/mysql/mysql-connector-j/8.1.0/mysql-connector-j-8.1.0.jar:/Users/anuppal/.m2/repository/org/projectlombok/lombok/1.18.30/lombok-1.18.30.jar:/Users/anuppal/.m2/repository/org/springframework/boot/spring-boot-starter-test/3.2.0-SNAPSHOT/spring-boot-starter-test-3.2.0-SNAPSHOT.jar:/Users/anuppal/.m2/repository/org/springframework/boot/spring-boot-test/3.2.0-SNAPSHOT/spring-boot-test-3.2.0-SNAPSHOT.jar:/Users/anuppal/.m2/repository/org/springframework/boot/spring-boot-test-autoconfigure/3.2.0-SNAPSHOT/spring-boot-test-autoconfigure-3.2.0-SNAPSHOT.jar:/Users/anuppal/.m2/repository/com/jayway/jsonpath/json-path/2.8.0/json-path-2.8.0.jar:/Users/anuppal/.m2/repository/jakarta/xml/bind/jakarta.xml.bind-api/4.0.1/jakarta.xml.bind-api-4.0.1.jar:/Users/anuppal/.m2/repository/jakarta/activation/jakarta.activation-api/2.1.2/jakarta.activation-api-2.1.2.jar:/Users/anuppal/.m2/repository/net/minidev/json-smart/2.5.0/json-smart-2.5.0.jar:/Users/anuppal/.m2/repository/net/minidev/accessors-smart/2.5.0/accessors-smart-2.5.0.jar:/Users/anuppal/.m2/repository/org/ow2/asm/asm/9.3/asm-9.3.jar:/Users/anuppal/.m2/repository/org/assertj/assertj-core/3.24.2/assertj-core-3.24.2.jar:/Users/anuppal/.m2/repository/org/awaitility/awaitility/4.2.0/awaitility-4.2.0.jar:/Users/anuppal/.m2/repository/org/hamcrest/hamcrest/2.2/hamcrest-2.2.jar:/Users/anuppal/.m2/repository/org/junit/jupiter/junit-jupiter/5.10.1/junit-jupiter-5.10.1.jar:/Users/anuppal/.m2/repository/org/junit/jupiter/junit-jupiter-api/5.10.1/junit-jupiter-api-5.10.1.jar:/Users/anuppal/.m2/repository/org/opentest4j/opentest4j/1.3.0/opentest4j-1.3.0.jar:/Users/anuppal/.m2/repository/org/junit/platform/junit-platform-commons/1.10.1/junit-platform-commons-1.10.1.jar:/Users/anuppal/.m2/repository/org/apiguardian/apiguardian-api/1.1.2/apiguardian-api-1.1.2.jar:/Users/anuppal/.m2/repository/org/junit/jupiter/junit-jupiter-params/5.10.1/junit-jupiter-params-5.10.1.jar:/Users/anuppal/.m2/repository/org/junit/jupiter/junit-jupiter-engine/5.10.1/junit-jupiter-engine-5.10.1.jar:/Users/anuppal/.m2/repository/org/junit/platform/junit-platform-engine/1.10.1/junit-platform-engine-1.10.1.jar:/Users/anuppal/.m2/repository/org/mockito/mockito-core/5.7.0/mockito-core-5.7.0.jar:/Users/anuppal/.m2/repository/net/bytebuddy/byte-buddy-agent/1.14.10/byte-buddy-agent-1.14.10.jar:/Users/anuppal/.m2/repository/org/objenesis/objenesis/3.3/objenesis-3.3.jar:/Users/anuppal/.m2/repository/org/mockito/mockito-junit-jupiter/5.7.0/mockito-junit-jupiter-5.7.0.jar:/Users/anuppal/.m2/repository/org/skyscreamer/jsonassert/1.5.1/jsonassert-1.5.1.jar:/Users/anuppal/.m2/repository/com/vaadin/external/google/android-json/0.0.20131108.vaadin1/android-json-0.0.20131108.vaadin1.jar:/Users/anuppal/.m2/repository/org/springframework/spring-core/6.1.1/spring-core-6.1.1.jar:/Users/anuppal/.m2/repository/org/springframework/spring-jcl/6.1.1/spring-jcl-6.1.1.jar:/Users/anuppal/.m2/repository/org/springframework/spring-test/6.1.1/spring-test-6.1.1.jar:/Users/anuppal/.m2/repository/org/xmlunit/xmlunit-core/2.9.1/xmlunit-core-2.9.1.jar:/Users/anuppal/.m2/repository/org/springframework/cloud/spring-cloud-starter-netflix-eureka-client/4.1.0-SNAPSHOT/spring-cloud-starter-netflix-eureka-client-4.1.0-SNAPSHOT.jar:/Users/anuppal/.m2/repository/org/springframework/cloud/spring-cloud-starter/4.1.0-SNAPSHOT/spring-cloud-starter-4.1.0-SNAPSHOT.jar:/Users/anuppal/.m2/repository/org/springframework/cloud/spring-cloud-context/4.1.0-SNAPSHOT/spring-cloud-context-4.1.0-SNAPSHOT.jar:/Users/anuppal/.m2/repository/org/springframework/security/spring-security-crypto/6.2.0/spring-security-crypto-6.2.0.jar:/Users/anuppal/.m2/repository/org/springframework/cloud/spring-cloud-commons/4.1.0-SNAPSHOT/spring-cloud-commons-4.1.0-SNAPSHOT.jar:/Users/anuppal/.m2/repository/org/springframework/security/spring-security-rsa/1.1.1/spring-security-rsa-1.1.1.jar:/Users/anuppal/.m2/repository/org/bouncycastle/bcprov-jdk18on/1.74/bcprov-jdk18on-1.74.jar:/Users/anuppal/.m2/repository/org/springframework/cloud/spring-cloud-netflix-eureka-client/4.1.0-SNAPSHOT/spring-cloud-netflix-eureka-client-4.1.0-SNAPSHOT.jar:/Users/anuppal/.m2/repository/org/apache/httpcomponents/client5/httpclient5/5.2.1/httpclient5-5.2.1.jar:/Users/anuppal/.m2/repository/org/apache/httpcomponents/core5/httpcore5/5.2.3/httpcore5-5.2.3.jar:/Users/anuppal/.m2/repository/org/apache/httpcomponents/core5/httpcore5-h2/5.2.3/httpcore5-h2-5.2.3.jar:/Users/anuppal/.m2/repository/com/netflix/eureka/eureka-client/2.0.1/eureka-client-2.0.1.jar:/Users/anuppal/.m2/repository/com/netflix/netflix-commons/netflix-eventbus/0.3.0/netflix-eventbus-0.3.0.jar:/Users/anuppal/.m2/repository/com/netflix/netflix-commons/netflix-infix/0.3.0/netflix-infix-0.3.0.jar:/Users/anuppal/.m2/repository/commons-jxpath/commons-jxpath/1.3/commons-jxpath-1.3.jar:/Users/anuppal/.m2/repository/joda-time/joda-time/2.3/joda-time-2.3.jar:/Users/anuppal/.m2/repository/org/antlr/antlr-runtime/3.4/antlr-runtime-3.4.jar:/Users/anuppal/.m2/repository/org/antlr/stringtemplate/3.2.1/stringtemplate-3.2.1.jar:/Users/anuppal/.m2/repository/antlr/antlr/2.7.7/antlr-2.7.7.jar:/Users/anuppal/.m2/repository/com/google/code/gson/gson/2.10.1/gson-2.10.1.jar:/Users/anuppal/.m2/repository/org/apache/commons/commons-math/2.2/commons-math-2.2.jar:/Users/anuppal/.m2/repository/com/thoughtworks/xstream/xstream/1.4.19/xstream-1.4.19.jar:/Users/anuppal/.m2/repository/io/github/x-stream/mxparser/1.2.2/mxparser-1.2.2.jar:/Users/anuppal/.m2/repository/xmlpull/xmlpull/1.1.3.1/xmlpull-1.1.3.1.jar:/Users/anuppal/.m2/repository/jakarta/ws/rs/jakarta.ws.rs-api/3.1.0/jakarta.ws.rs-api-3.1.0.jar:/Users/anuppal/.m2/repository/com/netflix/servo/servo-core/0.12.21/servo-core-0.12.21.jar:/Users/anuppal/.m2/repository/com/google/guava/guava/19.0/guava-19.0.jar:/Users/anuppal/.m2/repository/org/apache/httpcomponents/httpclient/4.5.3/httpclient-4.5.3.jar:/Users/anuppal/.m2/repository/org/apache/httpcomponents/httpcore/4.4.16/httpcore-4.4.16.jar:/Users/anuppal/.m2/repository/commons-codec/commons-codec/1.16.0/commons-codec-1.16.0.jar:/Users/anuppal/.m2/repository/commons-configuration/commons-configuration/1.10/commons-configuration-1.10.jar:/Users/anuppal/.m2/repository/commons-lang/commons-lang/2.6/commons-lang-2.6.jar:/Users/anuppal/.m2/repository/com/fasterxml/jackson/core/jackson-annotations/2.15.3/jackson-annotations-2.15.3.jar:/Users/anuppal/.m2/repository/com/fasterxml/jackson/core/jackson-core/2.15.3/jackson-core-2.15.3.jar:/Users/anuppal/.m2/repository/org/codehaus/jettison/jettison/1.4.0/jettison-1.4.0.jar:/Users/anuppal/.m2/repository/com/netflix/eureka/eureka-core/2.0.1/eureka-core-2.0.1.jar:/Users/anuppal/.m2/repository/com/fasterxml/woodstox/woodstox-core/6.2.1/woodstox-core-6.2.1.jar:/Users/anuppal/.m2/repository/org/codehaus/woodstox/stax2-api/4.2.1/stax2-api-4.2.1.jar:/Users/anuppal/.m2/repository/org/springframework/cloud/spring-cloud-starter-loadbalancer/4.1.0-SNAPSHOT/spring-cloud-starter-loadbalancer-4.1.0-SNAPSHOT.jar:/Users/anuppal/.m2/repository/org/springframework/cloud/spring-cloud-loadbalancer/4.1.0-SNAPSHOT/spring-cloud-loadbalancer-4.1.0-SNAPSHOT.jar:/Users/anuppal/.m2/repository/io/projectreactor/reactor-core/3.6.0/reactor-core-3.6.0.jar:/Users/anuppal/.m2/repository/org/reactivestreams/reactive-streams/1.0.4/reactive-streams-1.0.4.jar:/Users/anuppal/.m2/repository/io/projectreactor/addons/reactor-extra/3.5.1/reactor-extra-3.5.1.jar:/Users/anuppal/.m2/repository/org/springframework/boot/spring-boot-starter-cache/3.2.0-SNAPSHOT/spring-boot-starter-cache-3.2.0-SNAPSHOT.jar:/Users/anuppal/.m2/repository/org/springframework/spring-context-support/6.1.1/spring-context-support-6.1.1.jar:/Users/anuppal/.m2/repository/com/stoyanr/evictor/1.0.0/evictor-1.0.0.jar:/Users/anuppal/.m2/repository/org/springdoc/springdoc-openapi-ui/1.6.4/springdoc-openapi-ui-1.6.4.jar:/Users/anuppal/.m2/repository/org/springdoc/springdoc-openapi-webmvc-core/1.6.4/springdoc-openapi-webmvc-core-1.6.4.jar:/Users/anuppal/.m2/repository/org/springdoc/springdoc-openapi-common/1.6.4/springdoc-openapi-common-1.6.4.jar:/Users/anuppal/.m2/repository/io/swagger/core/v3/swagger-core/2.1.12/swagger-core-2.1.12.jar:/Users/anuppal/.m2/repository/org/apache/commons/commons-lang3/3.13.0/commons-lang3-3.13.0.jar:/Users/anuppal/.m2/repository/com/fasterxml/jackson/dataformat/jackson-dataformat-yaml/2.15.3/jackson-dataformat-yaml-2.15.3.jar:/Users/anuppal/.m2/repository/io/swagger/core/v3/swagger-annotations/2.1.12/swagger-annotations-2.1.12.jar:/Users/anuppal/.m2/repository/io/swagger/core/v3/swagger-models/2.1.12/swagger-models-2.1.12.jar:/Users/anuppal/.m2/repository/org/webjars/swagger-ui/4.1.3/swagger-ui-4.1.3.jar:/Users/anuppal/.m2/repository/org/webjars/webjars-locator-core/0.55/webjars-locator-core-0.55.jar:/Users/anuppal/.m2/repository/io/github/classgraph/classgraph/4.8.138/classgraph-4.8.138.jar:"/>
    <property name="sun.cpu.endian" value="little"/>
    <property name="user.home" value="/Users/anuppal"/>
    <property name="user.language" value="en"/>
    <property name="java.specification.vendor" value="Oracle Corporation"/>
    <property name="java.version.date" value="2023-10-17"/>
    <property name="java.home" value="/opt/homebrew/Cellar/openjdk/21.0.1/libexec/openjdk.jdk/Contents/Home"/>
    <property name="file.separator" value="/"/>
    <property name="basedir" value="/Users/anuppal/Desktop/CODES/JAVA/Codes/Quora-Microservices-main/userApp"/>
    <property name="java.vm.compressedOopsMode" value="Zero based"/>
    <property name="line.separator" value="&#10;"/>
    <property name="java.vm.specification.vendor" value="Oracle Corporation"/>
    <property name="java.specification.name" value="Java Platform API Specification"/>
    <property name="FILE_LOG_CHARSET" value="UTF-8"/>
    <property name="java.awt.headless" value="true"/>
    <property name="apple.awt.application.name" value="ForkedBooter"/>
    <property name="surefire.real.class.path" value="/Users/anuppal/Desktop/CODES/JAVA/Codes/Quora-Microservices-main/userApp/target/surefire/surefirebooter-20231225110904047_3.jar"/>
    <property name="sun.management.compiler" value="HotSpot 64-Bit Tiered Compilers"/>
    <property name="ftp.nonProxyHosts" value="local|*.local|169.254/16|*.169.254/16"/>
    <property name="java.runtime.version" value="21.0.1"/>
    <property name="user.name" value="anuppal"/>
    <property name="stdout.encoding" value="US-ASCII"/>
    <property name="path.separator" value=":"/>
    <property name="os.version" value="14.1"/>
    <property name="java.runtime.name" value="OpenJDK Runtime Environment"/>
    <property name="file.encoding" value="UTF-8"/>
    <property name="java.vm.name" value="OpenJDK 64-Bit Server VM"/>
    <property name="java.vendor.version" value="Homebrew"/>
    <property name="localRepository" value="/Users/anuppal/.m2/repository"/>
    <property name="java.vendor.url.bug" value="https://github.com/Homebrew/homebrew-core/issues"/>
    <property name="java.io.tmpdir" value="/var/folders/91/9tmkjfhx4tzb8qmr47jkcpn40000gn/T/"/>
    <property name="com.zaxxer.hikari.pool_number" value="1"/>
    <property name="java.version" value="21.0.1"/>
    <property name="user.dir" value="/Users/anuppal/Desktop/CODES/JAVA/Codes/Quora-Microservices-main/userApp"/>
    <property name="os.arch" value="aarch64"/>
    <property name="java.vm.specification.name" value="Java Virtual Machine Specification"/>
    <property name="PID" value="4739"/>
    <property name="CONSOLE_LOG_CHARSET" value="UTF-8"/>
    <property name="native.encoding" value="US-ASCII"/>
    <property name="java.library.path" value="/Users/anuppal/Library/Java/Extensions:/Library/Java/Extensions:/Network/Library/Java/Extensions:/System/Library/Java/Extensions:/usr/lib/java:."/>
    <property name="java.vm.info" value="mixed mode, sharing"/>
    <property name="stderr.encoding" value="US-ASCII"/>
    <property name="java.vendor" value="Homebrew"/>
    <property name="java.vm.version" value="21.0.1"/>
    <property name="sun.io.unicode.encoding" value="UnicodeBig"/>
    <property name="socksNonProxyHosts" value="local|*.local|169.254/16|*.169.254/16"/>
    <property name="java.class.version" value="65.0"/>
    <property name="LOGGED_APPLICATION_NAME" value="[USER-SERVICE] "/>
  </properties>
  <testcase name="testAddUser" classname="com.sample_project.userApp.service.ServiceImplTest" time="0.086">
    <failure message="&#10;Argument(s) are different! Wanted:&#10;userRepository.save(&#10;    User(id=0, name=name, userName=userName, email=email, address=Address(id=0, street=street, city=city, geo=Geo(id=0, longitude=longitude, latitude=latitude, address=null), user=null), phone=phone, company=Company(id=0, name=name, location=location, user=null))&#10;);&#10;-&gt; at com.sample_project.userApp.service.ServiceImplTest.testAddUser(ServiceImplTest.java:121)&#10;Actual invocations have different arguments:&#10;userRepository.save(&#10;    User(id=0, name=name, userName=userName, email=email, address=Address(id=0, street=street, city=city, geo=Geo(id=0, longitude=longitude, latitude=latitude, address=null), user=User(id=0, name=name, userName=userName, email=email, address=null, phone=phone, company=Company(id=0, name=name, location=location, user=null))), phone=phone, company=Company(id=0, name=name, location=location, user=User(id=0, name=name, userName=userName, email=email, address=Address(id=0, street=street, city=city, geo=Geo(id=0, longitude=longitude, latitude=latitude, address=null), user=null), phone=phone, company=null)))&#10;);&#10;-&gt; at com.sample_project.userApp.service.ServiceImpl.addUser(ServiceImpl.java:51)&#10;" type="Argument(s) are different! Wanted"><![CDATA[Argument(s) are different! Wanted:
userRepository.save(
    User(id=0, name=name, userName=userName, email=email, address=Address(id=0, street=street, city=city, geo=Geo(id=0, longitude=longitude, latitude=latitude, address=null), user=null), phone=phone, company=Company(id=0, name=name, location=location, user=null))
);
-> at com.sample_project.userApp.service.ServiceImplTest.testAddUser(ServiceImplTest.java:121)
Actual invocations have different arguments:
userRepository.save(
    User(id=0, name=name, userName=userName, email=email, address=Address(id=0, street=street, city=city, geo=Geo(id=0, longitude=longitude, latitude=latitude, address=null), user=User(id=0, name=name, userName=userName, email=email, address=null, phone=phone, company=Company(id=0, name=name, location=location, user=null))), phone=phone, company=Company(id=0, name=name, location=location, user=User(id=0, name=name, userName=userName, email=email, address=Address(id=0, street=street, city=city, geo=Geo(id=0, longitude=longitude, latitude=latitude, address=null), user=null), phone=phone, company=null)))
);
-> at com.sample_project.userApp.service.ServiceImpl.addUser(ServiceImpl.java:51)

	at com.sample_project.userApp.service.ServiceImplTest.testAddUser(ServiceImplTest.java:121)
	at java.base/java.lang.reflect.Method.invoke(Method.java:580)
	at java.base/java.util.ArrayList.forEach(ArrayList.java:1596)
	at java.base/java.util.ArrayList.forEach(ArrayList.java:1596)
]]></failure>
    <system-out><![CDATA[User(id=0, name=name, userName=userName, email=email, address=Address(id=0, street=street, city=city, geo=Geo(id=0, longitude=longitude, latitude=latitude, address=null), user=User(id=0, name=name, userName=userName, email=email, address=null, phone=phone, company=Company(id=0, name=name, location=location, user=null))), phone=phone, company=Company(id=0, name=name, location=location, user=User(id=0, name=name, userName=userName, email=email, address=Address(id=0, street=street, city=city, geo=Geo(id=0, longitude=longitude, latitude=latitude, address=null), user=null), phone=phone, company=null)))
]]></system-out>
  </testcase>
  <testcase name="testGetUserById_UserRepositoryReturnsAbsent" classname="com.sample_project.userApp.service.ServiceImplTest" time="0.001">
    <failure message="&#10;expected: User(id=0, name=name, userName=userName, email=email, address=Address(id=0, street=street, city=city, geo=Geo(id=0, longitude=longitude, latitude=latitude, address=null), user=null), phone=phone, company=Company(id=0, name=name, location=location, user=null))&#10; but was: null" type="org.opentest4j.AssertionFailedError"><![CDATA[org.opentest4j.AssertionFailedError: 

expected: User(id=0, name=name, userName=userName, email=email, address=Address(id=0, street=street, city=city, geo=Geo(id=0, longitude=longitude, latitude=latitude, address=null), user=null), phone=phone, company=Company(id=0, name=name, location=location, user=null))
 but was: null
	at java.base/jdk.internal.reflect.DirectConstructorHandleAccessor.newInstance(DirectConstructorHandleAccessor.java:62)
	at java.base/java.lang.reflect.Constructor.newInstanceWithCaller(Constructor.java:502)
	at com.sample_project.userApp.service.ServiceImplTest.testGetUserById_UserRepositoryReturnsAbsent(ServiceImplTest.java:94)
	at java.base/java.lang.reflect.Method.invoke(Method.java:580)
	at java.base/java.util.ArrayList.forEach(ArrayList.java:1596)
	at java.base/java.util.ArrayList.forEach(ArrayList.java:1596)
]]></failure>
    <system-out><![CDATA[No value present
]]></system-out>
  </testcase>
  <testcase name="testUpdateUser" classname="com.sample_project.userApp.service.ServiceImplTest" time="0.001">
    <failure message="&#10;expected: User(id=0, name=name, userName=userName, email=email, address=Address(id=0, street=street, city=city, geo=Geo(id=0, longitude=longitude, latitude=latitude, address=null), user=null), phone=phone, company=Company(id=0, name=name, location=location, user=null))&#10; but was: null" type="org.opentest4j.AssertionFailedError"><![CDATA[org.opentest4j.AssertionFailedError: 

expected: User(id=0, name=name, userName=userName, email=email, address=Address(id=0, street=street, city=city, geo=Geo(id=0, longitude=longitude, latitude=latitude, address=null), user=null), phone=phone, company=Company(id=0, name=name, location=location, user=null))
 but was: null
	at java.base/jdk.internal.reflect.DirectConstructorHandleAccessor.newInstance(DirectConstructorHandleAccessor.java:62)
	at java.base/java.lang.reflect.Constructor.newInstanceWithCaller(Constructor.java:502)
	at com.sample_project.userApp.service.ServiceImplTest.testUpdateUser(ServiceImplTest.java:169)
	at java.base/java.lang.reflect.Method.invoke(Method.java:580)
	at java.base/java.util.ArrayList.forEach(ArrayList.java:1596)
	at java.base/java.util.ArrayList.forEach(ArrayList.java:1596)
]]></failure>
  </testcase>
  <testcase name="testShowAll_UserRepositoryReturnsNoItems" classname="com.sample_project.userApp.service.ServiceImplTest" time="0.005"/>
  <testcase name="testUpdateUser_UserRepositoryFindByIdReturnsAbsent" classname="com.sample_project.userApp.service.ServiceImplTest" time="0.002"/>
  <testcase name="testDeleteUser" classname="com.sample_project.userApp.service.ServiceImplTest" time="0.001">
    <failure message="&#10;expected: &quot;result&quot;&#10; but was: &quot;Successfully deleted user with ID = 0&quot;" type="org.opentest4j.AssertionFailedError"><![CDATA[org.opentest4j.AssertionFailedError: 

expected: "result"
 but was: "Successfully deleted user with ID = 0"
	at java.base/jdk.internal.reflect.DirectConstructorHandleAccessor.newInstance(DirectConstructorHandleAccessor.java:62)
	at java.base/java.lang.reflect.Constructor.newInstanceWithCaller(Constructor.java:502)
	at com.sample_project.userApp.service.ServiceImplTest.testDeleteUser(ServiceImplTest.java:133)
	at java.base/java.lang.reflect.Method.invoke(Method.java:580)
	at java.base/java.util.ArrayList.forEach(ArrayList.java:1596)
	at java.base/java.util.ArrayList.forEach(ArrayList.java:1596)
]]></failure>
  </testcase>
  <testcase name="testGetUserById" classname="com.sample_project.userApp.service.ServiceImplTest" time="0.001"/>
  <testcase name="testShowAll" classname="com.sample_project.userApp.service.ServiceImplTest" time="0.0"/>
</testsuite>